NOTE: Log file opened at Thu, 15 Jul 2010 17:11:48.562
1                                                    The SAS System                        17:11 Thursday, July 15, 2010

NOTE: Unable to open SASUSER.PROFILE. WORK.PROFILE will be opened instead.
NOTE: All profile changes will be lost at the end of the session.
NOTE: Copyright (c) 2002-2008 by SAS Institute Inc., Cary, NC, USA. 
NOTE: SAS (r) Proprietary Software 9.2 (TS2M2) 
      Licensed to SCORPIO SOFTWARE SERVICES, Site 10003143.
NOTE: This session is executing on the W32_VSPRO  platform.



NOTE: SAS initialization used:
      real time           0.23 seconds
      cpu time            0.07 seconds
      
1          /******************************************************************************************
2          **                                                                                       **
3          **                                                                                       **
4          **                                                                                       **
5          **                                                                                       **
6          ******************************************************************************************/
7          
8          %let env = %scan(&sysparm, 1, %str(:));
9          
10         %macro parse_parms;
11           %global sysparm;
12         
13           %let i = 2;
14         
15           %let pair = %scan(&sysparm, &i, %str(:));
16         
17           %do %while (%str(&pair) ne %str());
18             %let var_name = %scan(&pair, 1, %str(=));
19         	%let var_value = %substr(&pair, (1 + %index(&pair, %str(=))));
20         	
21             %global &var_name;
22         	%let &var_name=&var_value;
23         	%let i = %eval(&i + 1);
24         	%let pair = %scan(&sysparm, &i, %str(:));
25           %end;
26         
27         %mend parse_parms;
28         
29         %parse_parms;
30         
31         %put JOB_NAME=&job_name;
JOB_NAME=Job1
32         
33         data _null_;
34           set sashelp.vmacro end=eof;
35           where scope eq         'GLOBAL' and
36                 name  contains   '_'      and
37         		name  not eq: 'SQL'       and
38         		name  not eq: 'SYS';
39           if _n_ eq 1 then put '**************** User macro variables ****************';
40           put name '= ' value;
41           if eof then put '******************************************************';
42         run;

**************** User macro variables ****************
2                                                    The SAS System                        17:11 Thursday, July 15, 2010

JOB_NAME = Job1
DATE_STAMP = 20100714_200531
******************************************************
NOTE: There were 2 observations read from the data set SASHELP.VMACRO.
      WHERE (scope='GLOBAL') and name contains '_' and (name not =: 'SQL') and (name not =: 'SYS');
NOTE: DATA statement used (Total process time):
      real time           0.01 seconds
      cpu time            0.01 seconds
      

43         
44         
45         * Include initialisation code;
46         * %include "...../demo_init.sasinc";
47         
48         * Print macro variables;
49         * %print_macro_vars(inc_text=%str(_));
50         
51         * Output HTML PDF;
52         filename htmlfile "reports\&job_name\first_program_&date_stamp..html";
53         filename pdffile  "reports\&job_name\first_program_&date_stamp..pdf";
54         
55         * Assign library;
56         libname job1lib "sasdata\&job_name";
NOTE: Libref JOB1LIB was successfully assigned as follows: 
      Engine:        V9 
      Physical Name: D:\Batch\sasdata\Job1
57         
58         
59         options orientation=landscape;
60         
61         ods listing close;
62         ods markup  file=htmlfile (title="Test Job")
63                     style=sasweb
64         		    tagset=tagsets.xhtml;
NOTE: Writing MARKUP Body file: HTMLFILE
65         ods printer pdf file=pdffile
66                     style=sasweb
67         			notoc;
NOTE: Writing ODS PRINTER output to DISK destination "PDFFILE", printer "PDF".
3                                                              The SAS System                                  17:11 Thursday, July 15, 2010

68         
69         proc report nowd data=sashelp.class;
70           column sex height weight;
71           define sex / display;
72           define height / display;
73           define weight / display;
74         run;

NOTE: There were 19 observations read from the data set SASHELP.CLASS.
NOTE: PROCEDURE REPORT used (Total process time):
      real time           0.14 seconds
      cpu time            0.03 seconds
      

75         
76         ods printer close;
NOTE: ODS PRINTER printed 1 page to D:\Batch\reports\Job1\first_program_20100714_200531.pdf.
77         ods markup close;
78         ods listing;
79         

NOTE: SAS Institute Inc., SAS Campus Drive, Cary, NC USA 27513-2414
NOTE: The SAS System used:
      real time           0.98 seconds
      cpu time            0.35 seconds
      


